2023-05-22 23:04:40,608:WARNING:
'cuml' is a soft dependency and not included in the pycaret installation. Please run: `pip install cuml` to install.
2023-05-22 23:04:40,608:WARNING:
'cuml' is a soft dependency and not included in the pycaret installation. Please run: `pip install cuml` to install.
2023-05-22 23:04:40,608:WARNING:
'cuml' is a soft dependency and not included in the pycaret installation. Please run: `pip install cuml` to install.
2023-05-22 23:04:40,608:WARNING:
'cuml' is a soft dependency and not included in the pycaret installation. Please run: `pip install cuml` to install.
2023-05-22 23:04:41,810:WARNING:
'prophet' is a soft dependency and not included in the pycaret installation. Please run: `pip install prophet` to install.
2023-05-22 23:06:56,891:INFO:PyCaret ClassificationExperiment
2023-05-22 23:06:56,891:INFO:Logging name: clf-default-name
2023-05-22 23:06:56,891:INFO:ML Usecase: MLUsecase.CLASSIFICATION
2023-05-22 23:06:56,891:INFO:version 3.0.2
2023-05-22 23:06:56,891:INFO:Initializing setup()
2023-05-22 23:06:56,891:INFO:self.USI: e5ae
2023-05-22 23:06:56,891:INFO:self._variable_keys: {'fix_imbalance', 'exp_id', 'gpu_n_jobs_param', 'seed', '_available_plots', 'data', '_ml_usecase', 'fold_generator', 'y_test', 'fold_shuffle_param', 'target_param', 'pipeline', 'X_test', 'y_train', 'X_train', 'idx', 'USI', 'logging_param', 'memory', 'X', 'fold_groups_param', 'n_jobs_param', 'is_multiclass', 'exp_name_log', 'html_param', 'y', 'gpu_param', 'log_plots_param'}
2023-05-22 23:06:56,891:INFO:Checking environment
2023-05-22 23:06:56,891:INFO:python_version: 3.8.3
2023-05-22 23:06:56,891:INFO:python_build: ('tags/v3.8.3:6f8c832', 'May 13 2020 22:37:02')
2023-05-22 23:06:56,891:INFO:machine: AMD64
2023-05-22 23:06:56,891:INFO:platform: Windows-10-10.0.19041-SP0
2023-05-22 23:06:56,894:INFO:Memory: svmem(total=17017888768, available=5615779840, percent=67.0, used=11402108928, free=5615779840)
2023-05-22 23:06:56,894:INFO:Physical Core: 6
2023-05-22 23:06:56,894:INFO:Logical Core: 12
2023-05-22 23:06:56,894:INFO:Checking libraries
2023-05-22 23:06:56,894:INFO:System:
2023-05-22 23:06:56,894:INFO:    python: 3.8.3 (tags/v3.8.3:6f8c832, May 13 2020, 22:37:02) [MSC v.1924 64 bit (AMD64)]
2023-05-22 23:06:56,894:INFO:executable: c:\python38\python.exe
2023-05-22 23:06:56,894:INFO:   machine: Windows-10-10.0.19041-SP0
2023-05-22 23:06:56,894:INFO:PyCaret required dependencies:
2023-05-22 23:06:56,895:INFO:                 pip: 23.0.1
2023-05-22 23:06:56,895:INFO:          setuptools: 67.4.0
2023-05-22 23:06:56,895:INFO:             pycaret: 3.0.2
2023-05-22 23:06:56,895:INFO:             IPython: 8.11.0
2023-05-22 23:06:56,895:INFO:          ipywidgets: 7.7.3
2023-05-22 23:06:56,895:INFO:                tqdm: 4.64.1
2023-05-22 23:06:56,895:INFO:               numpy: 1.23.5
2023-05-22 23:06:56,895:INFO:              pandas: 1.5.3
2023-05-22 23:06:56,895:INFO:              jinja2: 3.0.3
2023-05-22 23:06:56,895:INFO:               scipy: 1.10.1
2023-05-22 23:06:56,895:INFO:              joblib: 1.2.0
2023-05-22 23:06:56,895:INFO:             sklearn: 1.2.2
2023-05-22 23:06:56,895:INFO:                pyod: 1.0.9
2023-05-22 23:06:56,895:INFO:            imblearn: 0.10.1
2023-05-22 23:06:56,895:INFO:   category_encoders: 2.6.1
2023-05-22 23:06:56,895:INFO:            lightgbm: 3.3.5
2023-05-22 23:06:56,895:INFO:               numba: 0.57.0
2023-05-22 23:06:56,895:INFO:            requests: 2.28.1
2023-05-22 23:06:56,895:INFO:          matplotlib: 3.6.3
2023-05-22 23:06:56,895:INFO:          scikitplot: 0.3.7
2023-05-22 23:06:56,895:INFO:         yellowbrick: 1.5
2023-05-22 23:06:56,895:INFO:              plotly: 5.13.0
2023-05-22 23:06:56,895:INFO:             kaleido: 0.2.1
2023-05-22 23:06:56,895:INFO:         statsmodels: 0.13.5
2023-05-22 23:06:56,895:INFO:              sktime: 0.17.0
2023-05-22 23:06:56,895:INFO:               tbats: 1.1.3
2023-05-22 23:06:56,895:INFO:            pmdarima: 2.0.3
2023-05-22 23:06:56,895:INFO:              psutil: 5.9.4
2023-05-22 23:06:56,896:INFO:PyCaret optional dependencies:
2023-05-22 23:06:56,902:INFO:                shap: Not installed
2023-05-22 23:06:56,903:INFO:           interpret: Not installed
2023-05-22 23:06:56,903:INFO:                umap: Not installed
2023-05-22 23:06:56,903:INFO:    pandas_profiling: 4.0.0
2023-05-22 23:06:56,903:INFO:  explainerdashboard: Not installed
2023-05-22 23:06:56,903:INFO:             autoviz: Not installed
2023-05-22 23:06:56,903:INFO:           fairlearn: Not installed
2023-05-22 23:06:56,903:INFO:             xgboost: 1.7.5
2023-05-22 23:06:56,903:INFO:            catboost: 1.1.1
2023-05-22 23:06:56,903:INFO:              kmodes: Not installed
2023-05-22 23:06:56,903:INFO:             mlxtend: Not installed
2023-05-22 23:06:56,903:INFO:       statsforecast: Not installed
2023-05-22 23:06:56,903:INFO:        tune_sklearn: Not installed
2023-05-22 23:06:56,903:INFO:                 ray: Not installed
2023-05-22 23:06:56,903:INFO:            hyperopt: Not installed
2023-05-22 23:06:56,903:INFO:              optuna: Not installed
2023-05-22 23:06:56,903:INFO:               skopt: Not installed
2023-05-22 23:06:56,903:INFO:              mlflow: Not installed
2023-05-22 23:06:56,903:INFO:              gradio: Not installed
2023-05-22 23:06:56,903:INFO:             fastapi: Not installed
2023-05-22 23:06:56,903:INFO:             uvicorn: Not installed
2023-05-22 23:06:56,903:INFO:              m2cgen: Not installed
2023-05-22 23:06:56,903:INFO:           evidently: Not installed
2023-05-22 23:06:56,903:INFO:               fugue: Not installed
2023-05-22 23:06:56,903:INFO:           streamlit: 1.19.0
2023-05-22 23:06:56,903:INFO:             prophet: Not installed
2023-05-22 23:06:56,903:INFO:None
2023-05-22 23:06:56,903:INFO:Set up data.
2023-08-01 10:54:31,464:WARNING:
'cuml' is a soft dependency and not included in the pycaret installation. Please run: `pip install cuml` to install.
2023-08-01 10:54:31,480:WARNING:
'cuml' is a soft dependency and not included in the pycaret installation. Please run: `pip install cuml` to install.
2023-08-01 10:54:31,480:WARNING:
'cuml' is a soft dependency and not included in the pycaret installation. Please run: `pip install cuml` to install.
2023-08-01 10:54:31,480:WARNING:
'cuml' is a soft dependency and not included in the pycaret installation. Please run: `pip install cuml` to install.
2023-08-01 10:54:32,781:WARNING:
'prophet' is a soft dependency and not included in the pycaret installation. Please run: `pip install prophet` to install.
2023-08-01 10:57:18,612:INFO:PyCaret ClassificationExperiment
2023-08-01 10:57:18,613:INFO:Logging name: clf-default-name
2023-08-01 10:57:18,613:INFO:ML Usecase: MLUsecase.CLASSIFICATION
2023-08-01 10:57:18,613:INFO:version 3.0.2
2023-08-01 10:57:18,613:INFO:Initializing setup()
2023-08-01 10:57:18,613:INFO:self.USI: e594
2023-08-01 10:57:18,613:INFO:self._variable_keys: {'memory', 'X_train', 'y_test', 'fix_imbalance', 'gpu_param', 'y', 'n_jobs_param', 'exp_id', 'fold_shuffle_param', 'pipeline', '_ml_usecase', 'idx', 'data', 'exp_name_log', 'X_test', 'log_plots_param', 'seed', 'USI', '_available_plots', 'gpu_n_jobs_param', 'logging_param', 'fold_groups_param', 'fold_generator', 'X', 'y_train', 'is_multiclass', 'target_param', 'html_param'}
2023-08-01 10:57:18,613:INFO:Checking environment
2023-08-01 10:57:18,613:INFO:python_version: 3.8.3
2023-08-01 10:57:18,613:INFO:python_build: ('tags/v3.8.3:6f8c832', 'May 13 2020 22:37:02')
2023-08-01 10:57:18,613:INFO:machine: AMD64
2023-08-01 10:57:18,614:INFO:platform: Windows-10-10.0.19041-SP0
2023-08-01 10:57:18,616:INFO:Memory: svmem(total=17017892864, available=7545409536, percent=55.7, used=9472483328, free=7545409536)
2023-08-01 10:57:18,616:INFO:Physical Core: 6
2023-08-01 10:57:18,616:INFO:Logical Core: 12
2023-08-01 10:57:18,616:INFO:Checking libraries
2023-08-01 10:57:18,616:INFO:System:
2023-08-01 10:57:18,616:INFO:    python: 3.8.3 (tags/v3.8.3:6f8c832, May 13 2020, 22:37:02) [MSC v.1924 64 bit (AMD64)]
2023-08-01 10:57:18,616:INFO:executable: c:\python38\python.exe
2023-08-01 10:57:18,616:INFO:   machine: Windows-10-10.0.19041-SP0
2023-08-01 10:57:18,616:INFO:PyCaret required dependencies:
2023-08-01 10:57:18,617:INFO:                 pip: 23.0.1
2023-08-01 10:57:18,617:INFO:          setuptools: 67.4.0
2023-08-01 10:57:18,617:INFO:             pycaret: 3.0.2
2023-08-01 10:57:18,617:INFO:             IPython: 8.11.0
2023-08-01 10:57:18,617:INFO:          ipywidgets: 7.7.3
2023-08-01 10:57:18,617:INFO:                tqdm: 4.64.1
2023-08-01 10:57:18,617:INFO:               numpy: 1.23.5
2023-08-01 10:57:18,617:INFO:              pandas: 1.5.3
2023-08-01 10:57:18,617:INFO:              jinja2: 3.0.3
2023-08-01 10:57:18,617:INFO:               scipy: 1.10.1
2023-08-01 10:57:18,617:INFO:              joblib: 1.2.0
2023-08-01 10:57:18,617:INFO:             sklearn: 1.2.2
2023-08-01 10:57:18,617:INFO:                pyod: 1.0.9
2023-08-01 10:57:18,617:INFO:            imblearn: 0.10.1
2023-08-01 10:57:18,617:INFO:   category_encoders: 2.6.1
2023-08-01 10:57:18,617:INFO:            lightgbm: 3.3.5
2023-08-01 10:57:18,617:INFO:               numba: 0.57.0
2023-08-01 10:57:18,617:INFO:            requests: 2.28.1
2023-08-01 10:57:18,618:INFO:          matplotlib: 3.6.3
2023-08-01 10:57:18,618:INFO:          scikitplot: 0.3.7
2023-08-01 10:57:18,618:INFO:         yellowbrick: 1.5
2023-08-01 10:57:18,618:INFO:              plotly: 5.13.0
2023-08-01 10:57:18,618:INFO:             kaleido: 0.2.1
2023-08-01 10:57:18,618:INFO:         statsmodels: 0.13.5
2023-08-01 10:57:18,618:INFO:              sktime: 0.17.0
2023-08-01 10:57:18,618:INFO:               tbats: 1.1.3
2023-08-01 10:57:18,618:INFO:            pmdarima: 2.0.3
2023-08-01 10:57:18,618:INFO:              psutil: 5.9.4
2023-08-01 10:57:18,618:INFO:PyCaret optional dependencies:
2023-08-01 10:57:18,631:INFO:                shap: Not installed
2023-08-01 10:57:18,631:INFO:           interpret: Not installed
2023-08-01 10:57:18,631:INFO:                umap: Not installed
2023-08-01 10:57:18,631:INFO:    pandas_profiling: 4.0.0
2023-08-01 10:57:18,631:INFO:  explainerdashboard: Not installed
2023-08-01 10:57:18,631:INFO:             autoviz: Not installed
2023-08-01 10:57:18,631:INFO:           fairlearn: Not installed
2023-08-01 10:57:18,631:INFO:             xgboost: 1.7.5
2023-08-01 10:57:18,631:INFO:            catboost: 1.1.1
2023-08-01 10:57:18,631:INFO:              kmodes: Not installed
2023-08-01 10:57:18,631:INFO:             mlxtend: Not installed
2023-08-01 10:57:18,631:INFO:       statsforecast: Not installed
2023-08-01 10:57:18,631:INFO:        tune_sklearn: Not installed
2023-08-01 10:57:18,631:INFO:                 ray: Not installed
2023-08-01 10:57:18,631:INFO:            hyperopt: Not installed
2023-08-01 10:57:18,631:INFO:              optuna: Not installed
2023-08-01 10:57:18,631:INFO:               skopt: Not installed
2023-08-01 10:57:18,631:INFO:              mlflow: Not installed
2023-08-01 10:57:18,631:INFO:              gradio: Not installed
2023-08-01 10:57:18,631:INFO:             fastapi: Not installed
2023-08-01 10:57:18,631:INFO:             uvicorn: Not installed
2023-08-01 10:57:18,631:INFO:              m2cgen: Not installed
2023-08-01 10:57:18,631:INFO:           evidently: Not installed
2023-08-01 10:57:18,631:INFO:               fugue: Not installed
2023-08-01 10:57:18,631:INFO:           streamlit: 1.19.0
2023-08-01 10:57:18,632:INFO:             prophet: Not installed
2023-08-01 10:57:18,632:INFO:None
2023-08-01 10:57:18,632:INFO:Set up data.
2023-08-09 13:36:29,714:WARNING:
'cuml' is a soft dependency and not included in the pycaret installation. Please run: `pip install cuml` to install.
2023-08-09 13:36:29,716:WARNING:
'cuml' is a soft dependency and not included in the pycaret installation. Please run: `pip install cuml` to install.
2023-08-09 13:36:29,716:WARNING:
'cuml' is a soft dependency and not included in the pycaret installation. Please run: `pip install cuml` to install.
2023-08-09 13:36:29,716:WARNING:
'cuml' is a soft dependency and not included in the pycaret installation. Please run: `pip install cuml` to install.
2023-08-09 13:36:31,840:WARNING:
'prophet' is a soft dependency and not included in the pycaret installation. Please run: `pip install prophet` to install.
2023-08-09 13:46:12,054:WARNING:
'cuml' is a soft dependency and not included in the pycaret installation. Please run: `pip install cuml` to install.
2023-08-09 13:46:12,054:WARNING:
'cuml' is a soft dependency and not included in the pycaret installation. Please run: `pip install cuml` to install.
2023-08-09 13:46:12,054:WARNING:
'cuml' is a soft dependency and not included in the pycaret installation. Please run: `pip install cuml` to install.
2023-08-09 13:46:12,054:WARNING:
'cuml' is a soft dependency and not included in the pycaret installation. Please run: `pip install cuml` to install.
2023-08-09 13:46:13,793:WARNING:
'prophet' is a soft dependency and not included in the pycaret installation. Please run: `pip install prophet` to install.
2023-08-09 13:49:28,850:WARNING:c:\python38\lib\site-packages\sklearn\cluster\_kmeans.py:870: FutureWarning: The default value of `n_init` will change from 10 to 'auto' in 1.4. Set the value of `n_init` explicitly to suppress the warning
  warnings.warn(

2023-08-09 13:49:29,330:WARNING:c:\python38\lib\site-packages\sklearn\cluster\_kmeans.py:870: FutureWarning: The default value of `n_init` will change from 10 to 'auto' in 1.4. Set the value of `n_init` explicitly to suppress the warning
  warnings.warn(

2023-08-09 13:49:29,627:WARNING:c:\python38\lib\site-packages\sklearn\cluster\_kmeans.py:870: FutureWarning: The default value of `n_init` will change from 10 to 'auto' in 1.4. Set the value of `n_init` explicitly to suppress the warning
  warnings.warn(

2023-08-09 13:49:29,895:WARNING:c:\python38\lib\site-packages\sklearn\cluster\_kmeans.py:870: FutureWarning: The default value of `n_init` will change from 10 to 'auto' in 1.4. Set the value of `n_init` explicitly to suppress the warning
  warnings.warn(

2023-08-09 13:49:30,180:WARNING:c:\python38\lib\site-packages\sklearn\cluster\_kmeans.py:870: FutureWarning: The default value of `n_init` will change from 10 to 'auto' in 1.4. Set the value of `n_init` explicitly to suppress the warning
  warnings.warn(

2023-08-09 13:49:30,471:WARNING:c:\python38\lib\site-packages\sklearn\cluster\_kmeans.py:870: FutureWarning: The default value of `n_init` will change from 10 to 'auto' in 1.4. Set the value of `n_init` explicitly to suppress the warning
  warnings.warn(

2023-08-09 13:49:30,778:WARNING:c:\python38\lib\site-packages\sklearn\cluster\_kmeans.py:870: FutureWarning: The default value of `n_init` will change from 10 to 'auto' in 1.4. Set the value of `n_init` explicitly to suppress the warning
  warnings.warn(

2023-08-09 13:49:31,000:WARNING:c:\python38\lib\site-packages\sklearn\cluster\_kmeans.py:870: FutureWarning: The default value of `n_init` will change from 10 to 'auto' in 1.4. Set the value of `n_init` explicitly to suppress the warning
  warnings.warn(

2023-08-09 13:49:31,383:WARNING:c:\python38\lib\site-packages\sklearn\cluster\_kmeans.py:870: FutureWarning: The default value of `n_init` will change from 10 to 'auto' in 1.4. Set the value of `n_init` explicitly to suppress the warning
  warnings.warn(

2023-08-09 13:49:31,769:WARNING:c:\python38\lib\site-packages\sklearn\cluster\_kmeans.py:870: FutureWarning: The default value of `n_init` will change from 10 to 'auto' in 1.4. Set the value of `n_init` explicitly to suppress the warning
  warnings.warn(

2023-08-09 13:49:32,086:WARNING:c:\python38\lib\site-packages\sklearn\cluster\_kmeans.py:870: FutureWarning: The default value of `n_init` will change from 10 to 'auto' in 1.4. Set the value of `n_init` explicitly to suppress the warning
  warnings.warn(

2023-08-09 13:49:32,467:WARNING:c:\python38\lib\site-packages\sklearn\cluster\_kmeans.py:870: FutureWarning: The default value of `n_init` will change from 10 to 'auto' in 1.4. Set the value of `n_init` explicitly to suppress the warning
  warnings.warn(

2023-08-09 13:49:32,686:WARNING:c:\python38\lib\site-packages\sklearn\cluster\_kmeans.py:870: FutureWarning: The default value of `n_init` will change from 10 to 'auto' in 1.4. Set the value of `n_init` explicitly to suppress the warning
  warnings.warn(

2023-08-09 13:49:32,736:WARNING:c:\python38\lib\site-packages\sklearn\cluster\_kmeans.py:870: FutureWarning: The default value of `n_init` will change from 10 to 'auto' in 1.4. Set the value of `n_init` explicitly to suppress the warning
  warnings.warn(

2023-08-09 13:49:32,793:WARNING:c:\python38\lib\site-packages\sklearn\cluster\_kmeans.py:870: FutureWarning: The default value of `n_init` will change from 10 to 'auto' in 1.4. Set the value of `n_init` explicitly to suppress the warning
  warnings.warn(

2023-08-09 13:49:32,842:WARNING:c:\python38\lib\site-packages\sklearn\cluster\_kmeans.py:870: FutureWarning: The default value of `n_init` will change from 10 to 'auto' in 1.4. Set the value of `n_init` explicitly to suppress the warning
  warnings.warn(

2023-08-09 13:49:32,891:WARNING:c:\python38\lib\site-packages\sklearn\cluster\_kmeans.py:870: FutureWarning: The default value of `n_init` will change from 10 to 'auto' in 1.4. Set the value of `n_init` explicitly to suppress the warning
  warnings.warn(

2023-08-09 13:49:32,945:WARNING:c:\python38\lib\site-packages\sklearn\cluster\_kmeans.py:870: FutureWarning: The default value of `n_init` will change from 10 to 'auto' in 1.4. Set the value of `n_init` explicitly to suppress the warning
  warnings.warn(

2023-08-09 13:49:32,979:WARNING:c:\python38\lib\site-packages\sklearn\cluster\_kmeans.py:870: FutureWarning: The default value of `n_init` will change from 10 to 'auto' in 1.4. Set the value of `n_init` explicitly to suppress the warning
  warnings.warn(

2023-08-09 13:49:33,013:WARNING:c:\python38\lib\site-packages\sklearn\cluster\_kmeans.py:870: FutureWarning: The default value of `n_init` will change from 10 to 'auto' in 1.4. Set the value of `n_init` explicitly to suppress the warning
  warnings.warn(

2023-08-09 13:49:33,066:WARNING:c:\python38\lib\site-packages\sklearn\cluster\_kmeans.py:870: FutureWarning: The default value of `n_init` will change from 10 to 'auto' in 1.4. Set the value of `n_init` explicitly to suppress the warning
  warnings.warn(

2023-08-09 13:49:33,161:WARNING:c:\python38\lib\site-packages\sklearn\cluster\_kmeans.py:870: FutureWarning: The default value of `n_init` will change from 10 to 'auto' in 1.4. Set the value of `n_init` explicitly to suppress the warning
  warnings.warn(

2023-08-09 13:49:33,407:WARNING:c:\python38\lib\site-packages\sklearn\cluster\_kmeans.py:870: FutureWarning: The default value of `n_init` will change from 10 to 'auto' in 1.4. Set the value of `n_init` explicitly to suppress the warning
  warnings.warn(

2023-08-09 13:49:33,700:WARNING:c:\python38\lib\site-packages\sklearn\cluster\_kmeans.py:870: FutureWarning: The default value of `n_init` will change from 10 to 'auto' in 1.4. Set the value of `n_init` explicitly to suppress the warning
  warnings.warn(

2023-08-09 13:49:34,007:WARNING:c:\python38\lib\site-packages\sklearn\cluster\_kmeans.py:870: FutureWarning: The default value of `n_init` will change from 10 to 'auto' in 1.4. Set the value of `n_init` explicitly to suppress the warning
  warnings.warn(

2023-08-09 13:49:34,300:WARNING:c:\python38\lib\site-packages\sklearn\cluster\_kmeans.py:870: FutureWarning: The default value of `n_init` will change from 10 to 'auto' in 1.4. Set the value of `n_init` explicitly to suppress the warning
  warnings.warn(

2023-08-09 13:49:34,631:WARNING:c:\python38\lib\site-packages\sklearn\cluster\_kmeans.py:870: FutureWarning: The default value of `n_init` will change from 10 to 'auto' in 1.4. Set the value of `n_init` explicitly to suppress the warning
  warnings.warn(

2023-08-09 13:49:35,009:WARNING:c:\python38\lib\site-packages\sklearn\cluster\_kmeans.py:870: FutureWarning: The default value of `n_init` will change from 10 to 'auto' in 1.4. Set the value of `n_init` explicitly to suppress the warning
  warnings.warn(

2023-08-09 13:49:35,354:WARNING:c:\python38\lib\site-packages\sklearn\cluster\_kmeans.py:870: FutureWarning: The default value of `n_init` will change from 10 to 'auto' in 1.4. Set the value of `n_init` explicitly to suppress the warning
  warnings.warn(

2023-08-09 13:49:35,703:WARNING:c:\python38\lib\site-packages\sklearn\cluster\_kmeans.py:870: FutureWarning: The default value of `n_init` will change from 10 to 'auto' in 1.4. Set the value of `n_init` explicitly to suppress the warning
  warnings.warn(

2023-08-09 13:49:35,948:WARNING:c:\python38\lib\site-packages\sklearn\cluster\_kmeans.py:870: FutureWarning: The default value of `n_init` will change from 10 to 'auto' in 1.4. Set the value of `n_init` explicitly to suppress the warning
  warnings.warn(

2023-08-09 13:49:36,170:WARNING:c:\python38\lib\site-packages\sklearn\cluster\_kmeans.py:870: FutureWarning: The default value of `n_init` will change from 10 to 'auto' in 1.4. Set the value of `n_init` explicitly to suppress the warning
  warnings.warn(

2023-08-09 13:49:36,463:WARNING:c:\python38\lib\site-packages\sklearn\cluster\_kmeans.py:870: FutureWarning: The default value of `n_init` will change from 10 to 'auto' in 1.4. Set the value of `n_init` explicitly to suppress the warning
  warnings.warn(

2023-08-09 13:49:36,801:WARNING:c:\python38\lib\site-packages\sklearn\cluster\_kmeans.py:870: FutureWarning: The default value of `n_init` will change from 10 to 'auto' in 1.4. Set the value of `n_init` explicitly to suppress the warning
  warnings.warn(

2023-08-09 13:49:37,150:WARNING:c:\python38\lib\site-packages\sklearn\cluster\_kmeans.py:870: FutureWarning: The default value of `n_init` will change from 10 to 'auto' in 1.4. Set the value of `n_init` explicitly to suppress the warning
  warnings.warn(

2023-08-09 13:49:37,415:WARNING:c:\python38\lib\site-packages\sklearn\cluster\_kmeans.py:870: FutureWarning: The default value of `n_init` will change from 10 to 'auto' in 1.4. Set the value of `n_init` explicitly to suppress the warning
  warnings.warn(

2023-08-09 13:49:37,746:WARNING:c:\python38\lib\site-packages\sklearn\cluster\_kmeans.py:870: FutureWarning: The default value of `n_init` will change from 10 to 'auto' in 1.4. Set the value of `n_init` explicitly to suppress the warning
  warnings.warn(

2023-08-09 13:49:38,018:WARNING:c:\python38\lib\site-packages\sklearn\cluster\_kmeans.py:870: FutureWarning: The default value of `n_init` will change from 10 to 'auto' in 1.4. Set the value of `n_init` explicitly to suppress the warning
  warnings.warn(

2023-08-09 13:49:38,268:WARNING:c:\python38\lib\site-packages\sklearn\cluster\_kmeans.py:870: FutureWarning: The default value of `n_init` will change from 10 to 'auto' in 1.4. Set the value of `n_init` explicitly to suppress the warning
  warnings.warn(

2023-08-09 13:49:38,451:WARNING:c:\python38\lib\site-packages\sklearn\cluster\_kmeans.py:870: FutureWarning: The default value of `n_init` will change from 10 to 'auto' in 1.4. Set the value of `n_init` explicitly to suppress the warning
  warnings.warn(

2023-08-09 13:49:38,758:WARNING:c:\python38\lib\site-packages\sklearn\cluster\_kmeans.py:870: FutureWarning: The default value of `n_init` will change from 10 to 'auto' in 1.4. Set the value of `n_init` explicitly to suppress the warning
  warnings.warn(

2023-08-09 13:49:39,070:WARNING:c:\python38\lib\site-packages\sklearn\cluster\_kmeans.py:870: FutureWarning: The default value of `n_init` will change from 10 to 'auto' in 1.4. Set the value of `n_init` explicitly to suppress the warning
  warnings.warn(

2023-08-09 13:49:39,340:WARNING:c:\python38\lib\site-packages\sklearn\cluster\_kmeans.py:870: FutureWarning: The default value of `n_init` will change from 10 to 'auto' in 1.4. Set the value of `n_init` explicitly to suppress the warning
  warnings.warn(

2023-08-09 13:49:39,678:WARNING:c:\python38\lib\site-packages\sklearn\cluster\_kmeans.py:870: FutureWarning: The default value of `n_init` will change from 10 to 'auto' in 1.4. Set the value of `n_init` explicitly to suppress the warning
  warnings.warn(

2023-08-09 13:49:40,030:WARNING:c:\python38\lib\site-packages\sklearn\cluster\_kmeans.py:870: FutureWarning: The default value of `n_init` will change from 10 to 'auto' in 1.4. Set the value of `n_init` explicitly to suppress the warning
  warnings.warn(

2023-08-09 13:49:40,083:WARNING:c:\python38\lib\site-packages\sklearn\cluster\_kmeans.py:870: FutureWarning: The default value of `n_init` will change from 10 to 'auto' in 1.4. Set the value of `n_init` explicitly to suppress the warning
  warnings.warn(

2023-08-09 13:49:40,133:WARNING:c:\python38\lib\site-packages\sklearn\cluster\_kmeans.py:870: FutureWarning: The default value of `n_init` will change from 10 to 'auto' in 1.4. Set the value of `n_init` explicitly to suppress the warning
  warnings.warn(

2023-08-09 13:49:40,182:WARNING:c:\python38\lib\site-packages\sklearn\cluster\_kmeans.py:870: FutureWarning: The default value of `n_init` will change from 10 to 'auto' in 1.4. Set the value of `n_init` explicitly to suppress the warning
  warnings.warn(

2023-08-09 13:49:40,227:WARNING:c:\python38\lib\site-packages\sklearn\cluster\_kmeans.py:870: FutureWarning: The default value of `n_init` will change from 10 to 'auto' in 1.4. Set the value of `n_init` explicitly to suppress the warning
  warnings.warn(

2023-08-09 13:49:40,267:WARNING:c:\python38\lib\site-packages\sklearn\cluster\_kmeans.py:870: FutureWarning: The default value of `n_init` will change from 10 to 'auto' in 1.4. Set the value of `n_init` explicitly to suppress the warning
  warnings.warn(

2023-08-09 13:49:40,307:WARNING:c:\python38\lib\site-packages\sklearn\cluster\_kmeans.py:870: FutureWarning: The default value of `n_init` will change from 10 to 'auto' in 1.4. Set the value of `n_init` explicitly to suppress the warning
  warnings.warn(

2023-08-09 13:49:40,352:WARNING:c:\python38\lib\site-packages\sklearn\cluster\_kmeans.py:870: FutureWarning: The default value of `n_init` will change from 10 to 'auto' in 1.4. Set the value of `n_init` explicitly to suppress the warning
  warnings.warn(

2023-08-09 13:49:40,390:WARNING:c:\python38\lib\site-packages\sklearn\cluster\_kmeans.py:870: FutureWarning: The default value of `n_init` will change from 10 to 'auto' in 1.4. Set the value of `n_init` explicitly to suppress the warning
  warnings.warn(

2023-08-09 13:49:40,473:WARNING:c:\python38\lib\site-packages\sklearn\cluster\_kmeans.py:870: FutureWarning: The default value of `n_init` will change from 10 to 'auto' in 1.4. Set the value of `n_init` explicitly to suppress the warning
  warnings.warn(

2023-08-09 13:49:40,725:WARNING:c:\python38\lib\site-packages\sklearn\cluster\_kmeans.py:870: FutureWarning: The default value of `n_init` will change from 10 to 'auto' in 1.4. Set the value of `n_init` explicitly to suppress the warning
  warnings.warn(

2023-08-09 13:49:41,057:WARNING:c:\python38\lib\site-packages\sklearn\cluster\_kmeans.py:870: FutureWarning: The default value of `n_init` will change from 10 to 'auto' in 1.4. Set the value of `n_init` explicitly to suppress the warning
  warnings.warn(

2023-08-09 13:49:41,385:WARNING:c:\python38\lib\site-packages\sklearn\cluster\_kmeans.py:870: FutureWarning: The default value of `n_init` will change from 10 to 'auto' in 1.4. Set the value of `n_init` explicitly to suppress the warning
  warnings.warn(

2023-08-09 13:49:41,740:WARNING:c:\python38\lib\site-packages\sklearn\cluster\_kmeans.py:870: FutureWarning: The default value of `n_init` will change from 10 to 'auto' in 1.4. Set the value of `n_init` explicitly to suppress the warning
  warnings.warn(

2023-08-09 13:49:42,111:WARNING:c:\python38\lib\site-packages\sklearn\cluster\_kmeans.py:870: FutureWarning: The default value of `n_init` will change from 10 to 'auto' in 1.4. Set the value of `n_init` explicitly to suppress the warning
  warnings.warn(

2023-08-09 13:49:42,422:WARNING:c:\python38\lib\site-packages\sklearn\cluster\_kmeans.py:870: FutureWarning: The default value of `n_init` will change from 10 to 'auto' in 1.4. Set the value of `n_init` explicitly to suppress the warning
  warnings.warn(

2023-08-09 13:49:42,740:WARNING:c:\python38\lib\site-packages\sklearn\cluster\_kmeans.py:870: FutureWarning: The default value of `n_init` will change from 10 to 'auto' in 1.4. Set the value of `n_init` explicitly to suppress the warning
  warnings.warn(

2023-08-09 13:49:43,055:WARNING:c:\python38\lib\site-packages\sklearn\cluster\_kmeans.py:870: FutureWarning: The default value of `n_init` will change from 10 to 'auto' in 1.4. Set the value of `n_init` explicitly to suppress the warning
  warnings.warn(

2023-08-09 13:49:43,425:WARNING:c:\python38\lib\site-packages\sklearn\cluster\_kmeans.py:870: FutureWarning: The default value of `n_init` will change from 10 to 'auto' in 1.4. Set the value of `n_init` explicitly to suppress the warning
  warnings.warn(

2023-08-09 13:49:43,729:WARNING:c:\python38\lib\site-packages\sklearn\cluster\_kmeans.py:870: FutureWarning: The default value of `n_init` will change from 10 to 'auto' in 1.4. Set the value of `n_init` explicitly to suppress the warning
  warnings.warn(

2023-08-09 13:49:44,083:WARNING:c:\python38\lib\site-packages\sklearn\cluster\_kmeans.py:870: FutureWarning: The default value of `n_init` will change from 10 to 'auto' in 1.4. Set the value of `n_init` explicitly to suppress the warning
  warnings.warn(

2023-08-09 13:49:44,414:WARNING:c:\python38\lib\site-packages\sklearn\cluster\_kmeans.py:870: FutureWarning: The default value of `n_init` will change from 10 to 'auto' in 1.4. Set the value of `n_init` explicitly to suppress the warning
  warnings.warn(

2023-08-09 13:49:44,740:WARNING:c:\python38\lib\site-packages\sklearn\cluster\_kmeans.py:870: FutureWarning: The default value of `n_init` will change from 10 to 'auto' in 1.4. Set the value of `n_init` explicitly to suppress the warning
  warnings.warn(

2023-08-09 13:49:45,097:WARNING:c:\python38\lib\site-packages\sklearn\cluster\_kmeans.py:870: FutureWarning: The default value of `n_init` will change from 10 to 'auto' in 1.4. Set the value of `n_init` explicitly to suppress the warning
  warnings.warn(

2023-08-09 13:49:45,359:WARNING:c:\python38\lib\site-packages\sklearn\cluster\_kmeans.py:870: FutureWarning: The default value of `n_init` will change from 10 to 'auto' in 1.4. Set the value of `n_init` explicitly to suppress the warning
  warnings.warn(

2023-08-09 13:49:45,677:WARNING:c:\python38\lib\site-packages\sklearn\cluster\_kmeans.py:870: FutureWarning: The default value of `n_init` will change from 10 to 'auto' in 1.4. Set the value of `n_init` explicitly to suppress the warning
  warnings.warn(

2023-08-09 13:49:46,002:WARNING:c:\python38\lib\site-packages\sklearn\cluster\_kmeans.py:870: FutureWarning: The default value of `n_init` will change from 10 to 'auto' in 1.4. Set the value of `n_init` explicitly to suppress the warning
  warnings.warn(

2023-08-09 13:49:51,177:WARNING:c:\python38\lib\site-packages\sklearn\cluster\_kmeans.py:870: FutureWarning: The default value of `n_init` will change from 10 to 'auto' in 1.4. Set the value of `n_init` explicitly to suppress the warning
  warnings.warn(

2023-08-09 13:53:08,411:WARNING:c:\python38\lib\site-packages\sklearn\cluster\_kmeans.py:870: FutureWarning:

The default value of `n_init` will change from 10 to 'auto' in 1.4. Set the value of `n_init` explicitly to suppress the warning


2023-08-09 13:53:08,543:WARNING:c:\python38\lib\site-packages\sklearn\cluster\_kmeans.py:870: FutureWarning:

The default value of `n_init` will change from 10 to 'auto' in 1.4. Set the value of `n_init` explicitly to suppress the warning


2023-08-09 13:53:08,783:WARNING:c:\python38\lib\site-packages\sklearn\cluster\_kmeans.py:870: FutureWarning:

The default value of `n_init` will change from 10 to 'auto' in 1.4. Set the value of `n_init` explicitly to suppress the warning


2023-08-09 13:53:09,005:WARNING:c:\python38\lib\site-packages\sklearn\cluster\_kmeans.py:870: FutureWarning:

The default value of `n_init` will change from 10 to 'auto' in 1.4. Set the value of `n_init` explicitly to suppress the warning


2023-08-09 13:53:09,160:WARNING:c:\python38\lib\site-packages\sklearn\cluster\_kmeans.py:870: FutureWarning:

The default value of `n_init` will change from 10 to 'auto' in 1.4. Set the value of `n_init` explicitly to suppress the warning


2023-08-09 13:53:09,298:WARNING:c:\python38\lib\site-packages\sklearn\cluster\_kmeans.py:870: FutureWarning:

The default value of `n_init` will change from 10 to 'auto' in 1.4. Set the value of `n_init` explicitly to suppress the warning


2023-08-09 13:53:09,464:WARNING:c:\python38\lib\site-packages\sklearn\cluster\_kmeans.py:870: FutureWarning:

The default value of `n_init` will change from 10 to 'auto' in 1.4. Set the value of `n_init` explicitly to suppress the warning


2023-08-09 13:53:09,594:WARNING:c:\python38\lib\site-packages\sklearn\cluster\_kmeans.py:870: FutureWarning:

The default value of `n_init` will change from 10 to 'auto' in 1.4. Set the value of `n_init` explicitly to suppress the warning


2023-08-09 13:53:09,789:WARNING:c:\python38\lib\site-packages\sklearn\cluster\_kmeans.py:870: FutureWarning:

The default value of `n_init` will change from 10 to 'auto' in 1.4. Set the value of `n_init` explicitly to suppress the warning


2023-08-09 13:53:09,921:WARNING:c:\python38\lib\site-packages\sklearn\cluster\_kmeans.py:870: FutureWarning:

The default value of `n_init` will change from 10 to 'auto' in 1.4. Set the value of `n_init` explicitly to suppress the warning


2023-08-09 13:53:10,022:WARNING:c:\python38\lib\site-packages\sklearn\cluster\_kmeans.py:870: FutureWarning:

The default value of `n_init` will change from 10 to 'auto' in 1.4. Set the value of `n_init` explicitly to suppress the warning


2023-08-09 13:53:10,140:WARNING:c:\python38\lib\site-packages\sklearn\cluster\_kmeans.py:870: FutureWarning:

The default value of `n_init` will change from 10 to 'auto' in 1.4. Set the value of `n_init` explicitly to suppress the warning


2023-08-09 13:53:10,307:WARNING:c:\python38\lib\site-packages\sklearn\cluster\_kmeans.py:870: FutureWarning:

The default value of `n_init` will change from 10 to 'auto' in 1.4. Set the value of `n_init` explicitly to suppress the warning


2023-08-09 13:53:10,508:WARNING:c:\python38\lib\site-packages\sklearn\cluster\_kmeans.py:870: FutureWarning:

The default value of `n_init` will change from 10 to 'auto' in 1.4. Set the value of `n_init` explicitly to suppress the warning


2023-08-09 13:53:10,652:WARNING:c:\python38\lib\site-packages\sklearn\cluster\_kmeans.py:870: FutureWarning:

The default value of `n_init` will change from 10 to 'auto' in 1.4. Set the value of `n_init` explicitly to suppress the warning


2023-08-09 13:53:10,886:WARNING:c:\python38\lib\site-packages\sklearn\cluster\_kmeans.py:870: FutureWarning:

The default value of `n_init` will change from 10 to 'auto' in 1.4. Set the value of `n_init` explicitly to suppress the warning


2023-08-09 13:53:11,141:WARNING:c:\python38\lib\site-packages\sklearn\cluster\_kmeans.py:870: FutureWarning:

The default value of `n_init` will change from 10 to 'auto' in 1.4. Set the value of `n_init` explicitly to suppress the warning


2023-08-09 13:53:11,322:WARNING:c:\python38\lib\site-packages\sklearn\cluster\_kmeans.py:870: FutureWarning:

The default value of `n_init` will change from 10 to 'auto' in 1.4. Set the value of `n_init` explicitly to suppress the warning


2023-08-09 13:53:11,547:WARNING:c:\python38\lib\site-packages\sklearn\cluster\_kmeans.py:870: FutureWarning:

The default value of `n_init` will change from 10 to 'auto' in 1.4. Set the value of `n_init` explicitly to suppress the warning


2023-08-09 13:53:11,671:WARNING:c:\python38\lib\site-packages\sklearn\cluster\_kmeans.py:870: FutureWarning:

The default value of `n_init` will change from 10 to 'auto' in 1.4. Set the value of `n_init` explicitly to suppress the warning


2023-08-09 13:53:11,814:WARNING:c:\python38\lib\site-packages\sklearn\cluster\_kmeans.py:870: FutureWarning:

The default value of `n_init` will change from 10 to 'auto' in 1.4. Set the value of `n_init` explicitly to suppress the warning


2023-08-09 13:53:11,916:WARNING:c:\python38\lib\site-packages\sklearn\cluster\_kmeans.py:870: FutureWarning:

The default value of `n_init` will change from 10 to 'auto' in 1.4. Set the value of `n_init` explicitly to suppress the warning


2023-08-09 13:53:12,081:WARNING:c:\python38\lib\site-packages\sklearn\cluster\_kmeans.py:870: FutureWarning:

The default value of `n_init` will change from 10 to 'auto' in 1.4. Set the value of `n_init` explicitly to suppress the warning


2023-08-09 13:53:12,171:WARNING:c:\python38\lib\site-packages\sklearn\cluster\_kmeans.py:870: FutureWarning:

The default value of `n_init` will change from 10 to 'auto' in 1.4. Set the value of `n_init` explicitly to suppress the warning


2023-08-09 13:53:12,457:WARNING:c:\python38\lib\site-packages\sklearn\cluster\_kmeans.py:870: FutureWarning:

The default value of `n_init` will change from 10 to 'auto' in 1.4. Set the value of `n_init` explicitly to suppress the warning


2023-08-09 13:53:12,586:WARNING:c:\python38\lib\site-packages\sklearn\cluster\_kmeans.py:870: FutureWarning:

The default value of `n_init` will change from 10 to 'auto' in 1.4. Set the value of `n_init` explicitly to suppress the warning


2023-08-09 13:53:12,795:WARNING:c:\python38\lib\site-packages\sklearn\cluster\_kmeans.py:870: FutureWarning:

The default value of `n_init` will change from 10 to 'auto' in 1.4. Set the value of `n_init` explicitly to suppress the warning


2023-08-09 13:53:12,936:WARNING:c:\python38\lib\site-packages\sklearn\cluster\_kmeans.py:870: FutureWarning:

The default value of `n_init` will change from 10 to 'auto' in 1.4. Set the value of `n_init` explicitly to suppress the warning


2023-08-09 13:53:13,091:WARNING:c:\python38\lib\site-packages\sklearn\cluster\_kmeans.py:870: FutureWarning:

The default value of `n_init` will change from 10 to 'auto' in 1.4. Set the value of `n_init` explicitly to suppress the warning


2023-08-09 13:53:13,210:WARNING:c:\python38\lib\site-packages\sklearn\cluster\_kmeans.py:870: FutureWarning:

The default value of `n_init` will change from 10 to 'auto' in 1.4. Set the value of `n_init` explicitly to suppress the warning


2023-08-09 13:53:13,427:WARNING:c:\python38\lib\site-packages\sklearn\cluster\_kmeans.py:870: FutureWarning:

The default value of `n_init` will change from 10 to 'auto' in 1.4. Set the value of `n_init` explicitly to suppress the warning


2023-08-09 13:53:13,562:WARNING:c:\python38\lib\site-packages\sklearn\cluster\_kmeans.py:870: FutureWarning:

The default value of `n_init` will change from 10 to 'auto' in 1.4. Set the value of `n_init` explicitly to suppress the warning


2023-08-09 13:53:13,680:WARNING:c:\python38\lib\site-packages\sklearn\cluster\_kmeans.py:870: FutureWarning:

The default value of `n_init` will change from 10 to 'auto' in 1.4. Set the value of `n_init` explicitly to suppress the warning


2023-08-09 13:53:13,877:WARNING:c:\python38\lib\site-packages\sklearn\cluster\_kmeans.py:870: FutureWarning:

The default value of `n_init` will change from 10 to 'auto' in 1.4. Set the value of `n_init` explicitly to suppress the warning


2023-08-09 13:53:13,975:WARNING:c:\python38\lib\site-packages\sklearn\cluster\_kmeans.py:870: FutureWarning:

The default value of `n_init` will change from 10 to 'auto' in 1.4. Set the value of `n_init` explicitly to suppress the warning


2023-08-09 13:53:14,116:WARNING:c:\python38\lib\site-packages\sklearn\cluster\_kmeans.py:870: FutureWarning:

The default value of `n_init` will change from 10 to 'auto' in 1.4. Set the value of `n_init` explicitly to suppress the warning


2023-08-09 13:53:14,175:WARNING:c:\python38\lib\site-packages\sklearn\cluster\_kmeans.py:870: FutureWarning:

The default value of `n_init` will change from 10 to 'auto' in 1.4. Set the value of `n_init` explicitly to suppress the warning


2023-08-09 13:53:14,219:WARNING:c:\python38\lib\site-packages\sklearn\cluster\_kmeans.py:870: FutureWarning:

The default value of `n_init` will change from 10 to 'auto' in 1.4. Set the value of `n_init` explicitly to suppress the warning


2023-08-09 13:53:14,256:WARNING:c:\python38\lib\site-packages\sklearn\cluster\_kmeans.py:870: FutureWarning:

The default value of `n_init` will change from 10 to 'auto' in 1.4. Set the value of `n_init` explicitly to suppress the warning


2023-08-09 13:53:14,296:WARNING:c:\python38\lib\site-packages\sklearn\cluster\_kmeans.py:870: FutureWarning:

The default value of `n_init` will change from 10 to 'auto' in 1.4. Set the value of `n_init` explicitly to suppress the warning


2023-08-09 13:53:14,341:WARNING:c:\python38\lib\site-packages\sklearn\cluster\_kmeans.py:870: FutureWarning:

The default value of `n_init` will change from 10 to 'auto' in 1.4. Set the value of `n_init` explicitly to suppress the warning


2023-08-09 13:53:14,379:WARNING:c:\python38\lib\site-packages\sklearn\cluster\_kmeans.py:870: FutureWarning:

The default value of `n_init` will change from 10 to 'auto' in 1.4. Set the value of `n_init` explicitly to suppress the warning


2023-08-09 13:53:14,411:WARNING:c:\python38\lib\site-packages\sklearn\cluster\_kmeans.py:870: FutureWarning:

The default value of `n_init` will change from 10 to 'auto' in 1.4. Set the value of `n_init` explicitly to suppress the warning


2023-08-09 13:53:14,461:WARNING:c:\python38\lib\site-packages\sklearn\cluster\_kmeans.py:870: FutureWarning:

The default value of `n_init` will change from 10 to 'auto' in 1.4. Set the value of `n_init` explicitly to suppress the warning


2023-08-09 13:53:14,501:WARNING:c:\python38\lib\site-packages\sklearn\cluster\_kmeans.py:870: FutureWarning:

The default value of `n_init` will change from 10 to 'auto' in 1.4. Set the value of `n_init` explicitly to suppress the warning


2023-08-09 13:53:14,588:WARNING:c:\python38\lib\site-packages\sklearn\cluster\_kmeans.py:870: FutureWarning:

The default value of `n_init` will change from 10 to 'auto' in 1.4. Set the value of `n_init` explicitly to suppress the warning


2023-08-09 13:53:14,786:WARNING:c:\python38\lib\site-packages\sklearn\cluster\_kmeans.py:870: FutureWarning:

The default value of `n_init` will change from 10 to 'auto' in 1.4. Set the value of `n_init` explicitly to suppress the warning


2023-08-09 13:53:14,984:WARNING:c:\python38\lib\site-packages\sklearn\cluster\_kmeans.py:870: FutureWarning:

The default value of `n_init` will change from 10 to 'auto' in 1.4. Set the value of `n_init` explicitly to suppress the warning


2023-08-09 13:53:15,089:WARNING:c:\python38\lib\site-packages\sklearn\cluster\_kmeans.py:870: FutureWarning:

The default value of `n_init` will change from 10 to 'auto' in 1.4. Set the value of `n_init` explicitly to suppress the warning


2023-08-09 13:53:15,294:WARNING:c:\python38\lib\site-packages\sklearn\cluster\_kmeans.py:870: FutureWarning:

The default value of `n_init` will change from 10 to 'auto' in 1.4. Set the value of `n_init` explicitly to suppress the warning


2023-08-09 13:53:15,498:WARNING:c:\python38\lib\site-packages\sklearn\cluster\_kmeans.py:870: FutureWarning:

The default value of `n_init` will change from 10 to 'auto' in 1.4. Set the value of `n_init` explicitly to suppress the warning


2023-08-09 13:53:15,629:WARNING:c:\python38\lib\site-packages\sklearn\cluster\_kmeans.py:870: FutureWarning:

The default value of `n_init` will change from 10 to 'auto' in 1.4. Set the value of `n_init` explicitly to suppress the warning


2023-08-09 13:53:15,731:WARNING:c:\python38\lib\site-packages\sklearn\cluster\_kmeans.py:870: FutureWarning:

The default value of `n_init` will change from 10 to 'auto' in 1.4. Set the value of `n_init` explicitly to suppress the warning


2023-08-09 13:53:15,854:WARNING:c:\python38\lib\site-packages\sklearn\cluster\_kmeans.py:870: FutureWarning:

The default value of `n_init` will change from 10 to 'auto' in 1.4. Set the value of `n_init` explicitly to suppress the warning


2023-08-09 13:53:16,154:WARNING:c:\python38\lib\site-packages\sklearn\cluster\_kmeans.py:870: FutureWarning:

The default value of `n_init` will change from 10 to 'auto' in 1.4. Set the value of `n_init` explicitly to suppress the warning


2023-08-09 13:53:16,376:WARNING:c:\python38\lib\site-packages\sklearn\cluster\_kmeans.py:870: FutureWarning:

The default value of `n_init` will change from 10 to 'auto' in 1.4. Set the value of `n_init` explicitly to suppress the warning


2023-08-09 13:53:16,507:WARNING:c:\python38\lib\site-packages\sklearn\cluster\_kmeans.py:870: FutureWarning:

The default value of `n_init` will change from 10 to 'auto' in 1.4. Set the value of `n_init` explicitly to suppress the warning


2023-08-09 13:53:16,781:WARNING:c:\python38\lib\site-packages\sklearn\cluster\_kmeans.py:870: FutureWarning:

The default value of `n_init` will change from 10 to 'auto' in 1.4. Set the value of `n_init` explicitly to suppress the warning


2023-08-09 13:53:16,921:WARNING:c:\python38\lib\site-packages\sklearn\cluster\_kmeans.py:870: FutureWarning:

The default value of `n_init` will change from 10 to 'auto' in 1.4. Set the value of `n_init` explicitly to suppress the warning


2023-08-09 13:53:17,106:WARNING:c:\python38\lib\site-packages\sklearn\cluster\_kmeans.py:870: FutureWarning:

The default value of `n_init` will change from 10 to 'auto' in 1.4. Set the value of `n_init` explicitly to suppress the warning


2023-08-09 13:53:17,301:WARNING:c:\python38\lib\site-packages\sklearn\cluster\_kmeans.py:870: FutureWarning:

The default value of `n_init` will change from 10 to 'auto' in 1.4. Set the value of `n_init` explicitly to suppress the warning


2023-08-09 13:53:17,456:WARNING:c:\python38\lib\site-packages\sklearn\cluster\_kmeans.py:870: FutureWarning:

The default value of `n_init` will change from 10 to 'auto' in 1.4. Set the value of `n_init` explicitly to suppress the warning


2023-08-09 13:53:17,623:WARNING:c:\python38\lib\site-packages\sklearn\cluster\_kmeans.py:870: FutureWarning:

The default value of `n_init` will change from 10 to 'auto' in 1.4. Set the value of `n_init` explicitly to suppress the warning


2023-08-09 13:53:17,778:WARNING:c:\python38\lib\site-packages\sklearn\cluster\_kmeans.py:870: FutureWarning:

The default value of `n_init` will change from 10 to 'auto' in 1.4. Set the value of `n_init` explicitly to suppress the warning


2023-08-09 13:53:17,898:WARNING:c:\python38\lib\site-packages\sklearn\cluster\_kmeans.py:870: FutureWarning:

The default value of `n_init` will change from 10 to 'auto' in 1.4. Set the value of `n_init` explicitly to suppress the warning


2023-08-09 13:53:18,049:WARNING:c:\python38\lib\site-packages\sklearn\cluster\_kmeans.py:870: FutureWarning:

The default value of `n_init` will change from 10 to 'auto' in 1.4. Set the value of `n_init` explicitly to suppress the warning


2023-08-09 13:53:18,207:WARNING:c:\python38\lib\site-packages\sklearn\cluster\_kmeans.py:870: FutureWarning:

The default value of `n_init` will change from 10 to 'auto' in 1.4. Set the value of `n_init` explicitly to suppress the warning


2023-08-09 13:53:18,423:WARNING:c:\python38\lib\site-packages\sklearn\cluster\_kmeans.py:870: FutureWarning:

The default value of `n_init` will change from 10 to 'auto' in 1.4. Set the value of `n_init` explicitly to suppress the warning


2023-08-09 13:53:18,598:WARNING:c:\python38\lib\site-packages\sklearn\cluster\_kmeans.py:870: FutureWarning:

The default value of `n_init` will change from 10 to 'auto' in 1.4. Set the value of `n_init` explicitly to suppress the warning


2023-08-09 13:53:18,775:WARNING:c:\python38\lib\site-packages\sklearn\cluster\_kmeans.py:870: FutureWarning:

The default value of `n_init` will change from 10 to 'auto' in 1.4. Set the value of `n_init` explicitly to suppress the warning


2023-08-09 13:53:19,008:WARNING:c:\python38\lib\site-packages\sklearn\cluster\_kmeans.py:870: FutureWarning:

The default value of `n_init` will change from 10 to 'auto' in 1.4. Set the value of `n_init` explicitly to suppress the warning


2023-08-09 13:53:24,094:WARNING:c:\python38\lib\site-packages\sklearn\cluster\_kmeans.py:870: FutureWarning:

The default value of `n_init` will change from 10 to 'auto' in 1.4. Set the value of `n_init` explicitly to suppress the warning


2023-08-09 14:52:09,477:INFO:PyCaret ClassificationExperiment
2023-08-09 14:52:09,477:INFO:Logging name: clf-default-name
2023-08-09 14:52:09,477:INFO:ML Usecase: MLUsecase.CLASSIFICATION
2023-08-09 14:52:09,477:INFO:version 3.0.2
2023-08-09 14:52:09,477:INFO:Initializing setup()
2023-08-09 14:52:09,477:INFO:self.USI: 7631
2023-08-09 14:52:09,477:INFO:self._variable_keys: {'html_param', 'USI', 'X_test', 'y_test', 'fold_shuffle_param', 'X', 'seed', 'memory', 'exp_id', 'idx', 'n_jobs_param', 'pipeline', 'is_multiclass', 'gpu_n_jobs_param', 'exp_name_log', 'fold_generator', 'gpu_param', 'log_plots_param', 'fold_groups_param', 'fix_imbalance', 'X_train', 'data', 'y_train', 'y', 'target_param', 'logging_param', '_ml_usecase', '_available_plots'}
2023-08-09 14:52:09,477:INFO:Checking environment
2023-08-09 14:52:09,477:INFO:python_version: 3.8.3
2023-08-09 14:52:09,477:INFO:python_build: ('tags/v3.8.3:6f8c832', 'May 13 2020 22:37:02')
2023-08-09 14:52:09,477:INFO:machine: AMD64
2023-08-09 14:52:09,478:INFO:platform: Windows-10-10.0.19041-SP0
2023-08-09 14:52:09,481:INFO:Memory: svmem(total=17017892864, available=7669686272, percent=54.9, used=9348206592, free=7669686272)
2023-08-09 14:52:09,481:INFO:Physical Core: 6
2023-08-09 14:52:09,481:INFO:Logical Core: 12
2023-08-09 14:52:09,481:INFO:Checking libraries
2023-08-09 14:52:09,481:INFO:System:
2023-08-09 14:52:09,481:INFO:    python: 3.8.3 (tags/v3.8.3:6f8c832, May 13 2020, 22:37:02) [MSC v.1924 64 bit (AMD64)]
2023-08-09 14:52:09,481:INFO:executable: c:\python38\python.exe
2023-08-09 14:52:09,481:INFO:   machine: Windows-10-10.0.19041-SP0
2023-08-09 14:52:09,481:INFO:PyCaret required dependencies:
2023-08-09 14:52:09,481:INFO:                 pip: 23.0.1
2023-08-09 14:52:09,481:INFO:          setuptools: 67.4.0
2023-08-09 14:52:09,481:INFO:             pycaret: 3.0.2
2023-08-09 14:52:09,481:INFO:             IPython: 8.11.0
2023-08-09 14:52:09,481:INFO:          ipywidgets: 7.7.3
2023-08-09 14:52:09,481:INFO:                tqdm: 4.64.1
2023-08-09 14:52:09,482:INFO:               numpy: 1.23.5
2023-08-09 14:52:09,482:INFO:              pandas: 1.5.3
2023-08-09 14:52:09,482:INFO:              jinja2: 3.0.3
2023-08-09 14:52:09,482:INFO:               scipy: 1.10.1
2023-08-09 14:52:09,482:INFO:              joblib: 1.2.0
2023-08-09 14:52:09,482:INFO:             sklearn: 1.2.2
2023-08-09 14:52:09,482:INFO:                pyod: 1.0.9
2023-08-09 14:52:09,482:INFO:            imblearn: 0.10.1
2023-08-09 14:52:09,482:INFO:   category_encoders: 2.6.1
2023-08-09 14:52:09,482:INFO:            lightgbm: 3.3.5
2023-08-09 14:52:09,482:INFO:               numba: 0.57.0
2023-08-09 14:52:09,482:INFO:            requests: 2.28.1
2023-08-09 14:52:09,482:INFO:          matplotlib: 3.6.3
2023-08-09 14:52:09,482:INFO:          scikitplot: 0.3.7
2023-08-09 14:52:09,482:INFO:         yellowbrick: 1.5
2023-08-09 14:52:09,482:INFO:              plotly: 5.13.0
2023-08-09 14:52:09,482:INFO:             kaleido: 0.2.1
2023-08-09 14:52:09,482:INFO:         statsmodels: 0.13.5
2023-08-09 14:52:09,482:INFO:              sktime: 0.17.0
2023-08-09 14:52:09,482:INFO:               tbats: 1.1.3
2023-08-09 14:52:09,482:INFO:            pmdarima: 2.0.3
2023-08-09 14:52:09,482:INFO:              psutil: 5.9.4
2023-08-09 14:52:09,482:INFO:PyCaret optional dependencies:
2023-08-09 14:52:09,490:INFO:                shap: Not installed
2023-08-09 14:52:09,490:INFO:           interpret: Not installed
2023-08-09 14:52:09,490:INFO:                umap: Not installed
2023-08-09 14:52:09,490:INFO:    pandas_profiling: 4.0.0
2023-08-09 14:52:09,490:INFO:  explainerdashboard: Not installed
2023-08-09 14:52:09,490:INFO:             autoviz: Not installed
2023-08-09 14:52:09,490:INFO:           fairlearn: Not installed
2023-08-09 14:52:09,490:INFO:             xgboost: 1.7.5
2023-08-09 14:52:09,490:INFO:            catboost: 1.1.1
2023-08-09 14:52:09,491:INFO:              kmodes: Not installed
2023-08-09 14:52:09,491:INFO:             mlxtend: Not installed
2023-08-09 14:52:09,491:INFO:       statsforecast: Not installed
2023-08-09 14:52:09,491:INFO:        tune_sklearn: Not installed
2023-08-09 14:52:09,491:INFO:                 ray: Not installed
2023-08-09 14:52:09,491:INFO:            hyperopt: Not installed
2023-08-09 14:52:09,491:INFO:              optuna: Not installed
2023-08-09 14:52:09,491:INFO:               skopt: Not installed
2023-08-09 14:52:09,491:INFO:              mlflow: Not installed
2023-08-09 14:52:09,491:INFO:              gradio: Not installed
2023-08-09 14:52:09,491:INFO:             fastapi: Not installed
2023-08-09 14:52:09,491:INFO:             uvicorn: Not installed
2023-08-09 14:52:09,491:INFO:              m2cgen: Not installed
2023-08-09 14:52:09,491:INFO:           evidently: Not installed
2023-08-09 14:52:09,491:INFO:               fugue: Not installed
2023-08-09 14:52:09,491:INFO:           streamlit: 1.19.0
2023-08-09 14:52:09,491:INFO:             prophet: Not installed
2023-08-09 14:52:09,491:INFO:None
2023-08-09 14:52:09,491:INFO:Set up data.
2023-08-09 14:52:09,495:INFO:Set up train/test split.
2023-08-09 14:52:15,038:INFO:PyCaret ClassificationExperiment
2023-08-09 14:52:15,039:INFO:Logging name: clf-default-name
2023-08-09 14:52:15,039:INFO:ML Usecase: MLUsecase.CLASSIFICATION
2023-08-09 14:52:15,039:INFO:version 3.0.2
2023-08-09 14:52:15,039:INFO:Initializing setup()
2023-08-09 14:52:15,039:INFO:self.USI: bd19
2023-08-09 14:52:15,040:INFO:self._variable_keys: {'html_param', 'USI', 'X_test', 'y_test', 'fold_shuffle_param', 'X', 'seed', 'memory', 'exp_id', 'idx', 'n_jobs_param', 'pipeline', 'is_multiclass', 'gpu_n_jobs_param', 'exp_name_log', 'fold_generator', 'gpu_param', 'log_plots_param', 'fold_groups_param', 'fix_imbalance', 'X_train', 'data', 'y_train', 'y', 'target_param', 'logging_param', '_ml_usecase', '_available_plots'}
2023-08-09 14:52:15,040:INFO:Checking environment
2023-08-09 14:52:15,040:INFO:python_version: 3.8.3
2023-08-09 14:52:15,040:INFO:python_build: ('tags/v3.8.3:6f8c832', 'May 13 2020 22:37:02')
2023-08-09 14:52:15,040:INFO:machine: AMD64
2023-08-09 14:52:15,040:INFO:platform: Windows-10-10.0.19041-SP0
2023-08-09 14:52:15,044:INFO:Memory: svmem(total=17017892864, available=7681134592, percent=54.9, used=9336758272, free=7681134592)
2023-08-09 14:52:15,044:INFO:Physical Core: 6
2023-08-09 14:52:15,044:INFO:Logical Core: 12
2023-08-09 14:52:15,044:INFO:Checking libraries
2023-08-09 14:52:15,044:INFO:System:
2023-08-09 14:52:15,044:INFO:    python: 3.8.3 (tags/v3.8.3:6f8c832, May 13 2020, 22:37:02) [MSC v.1924 64 bit (AMD64)]
2023-08-09 14:52:15,044:INFO:executable: c:\python38\python.exe
2023-08-09 14:52:15,044:INFO:   machine: Windows-10-10.0.19041-SP0
2023-08-09 14:52:15,044:INFO:PyCaret required dependencies:
2023-08-09 14:52:15,044:INFO:                 pip: 23.0.1
2023-08-09 14:52:15,044:INFO:          setuptools: 67.4.0
2023-08-09 14:52:15,045:INFO:             pycaret: 3.0.2
2023-08-09 14:52:15,045:INFO:             IPython: 8.11.0
2023-08-09 14:52:15,045:INFO:          ipywidgets: 7.7.3
2023-08-09 14:52:15,045:INFO:                tqdm: 4.64.1
2023-08-09 14:52:15,045:INFO:               numpy: 1.23.5
2023-08-09 14:52:15,045:INFO:              pandas: 1.5.3
2023-08-09 14:52:15,045:INFO:              jinja2: 3.0.3
2023-08-09 14:52:15,045:INFO:               scipy: 1.10.1
2023-08-09 14:52:15,045:INFO:              joblib: 1.2.0
2023-08-09 14:52:15,045:INFO:             sklearn: 1.2.2
2023-08-09 14:52:15,045:INFO:                pyod: 1.0.9
2023-08-09 14:52:15,045:INFO:            imblearn: 0.10.1
2023-08-09 14:52:15,045:INFO:   category_encoders: 2.6.1
2023-08-09 14:52:15,045:INFO:            lightgbm: 3.3.5
2023-08-09 14:52:15,045:INFO:               numba: 0.57.0
2023-08-09 14:52:15,045:INFO:            requests: 2.28.1
2023-08-09 14:52:15,045:INFO:          matplotlib: 3.6.3
2023-08-09 14:52:15,045:INFO:          scikitplot: 0.3.7
2023-08-09 14:52:15,045:INFO:         yellowbrick: 1.5
2023-08-09 14:52:15,045:INFO:              plotly: 5.13.0
2023-08-09 14:52:15,045:INFO:             kaleido: 0.2.1
2023-08-09 14:52:15,045:INFO:         statsmodels: 0.13.5
2023-08-09 14:52:15,045:INFO:              sktime: 0.17.0
2023-08-09 14:52:15,045:INFO:               tbats: 1.1.3
2023-08-09 14:52:15,045:INFO:            pmdarima: 2.0.3
2023-08-09 14:52:15,046:INFO:              psutil: 5.9.4
2023-08-09 14:52:15,046:INFO:PyCaret optional dependencies:
2023-08-09 14:52:15,046:INFO:                shap: Not installed
2023-08-09 14:52:15,046:INFO:           interpret: Not installed
2023-08-09 14:52:15,046:INFO:                umap: Not installed
2023-08-09 14:52:15,046:INFO:    pandas_profiling: 4.0.0
2023-08-09 14:52:15,046:INFO:  explainerdashboard: Not installed
2023-08-09 14:52:15,046:INFO:             autoviz: Not installed
2023-08-09 14:52:15,046:INFO:           fairlearn: Not installed
2023-08-09 14:52:15,046:INFO:             xgboost: 1.7.5
2023-08-09 14:52:15,046:INFO:            catboost: 1.1.1
2023-08-09 14:52:15,046:INFO:              kmodes: Not installed
2023-08-09 14:52:15,046:INFO:             mlxtend: Not installed
2023-08-09 14:52:15,046:INFO:       statsforecast: Not installed
2023-08-09 14:52:15,046:INFO:        tune_sklearn: Not installed
2023-08-09 14:52:15,046:INFO:                 ray: Not installed
2023-08-09 14:52:15,046:INFO:            hyperopt: Not installed
2023-08-09 14:52:15,046:INFO:              optuna: Not installed
2023-08-09 14:52:15,046:INFO:               skopt: Not installed
2023-08-09 14:52:15,046:INFO:              mlflow: Not installed
2023-08-09 14:52:15,046:INFO:              gradio: Not installed
2023-08-09 14:52:15,046:INFO:             fastapi: Not installed
2023-08-09 14:52:15,046:INFO:             uvicorn: Not installed
2023-08-09 14:52:15,046:INFO:              m2cgen: Not installed
2023-08-09 14:52:15,046:INFO:           evidently: Not installed
2023-08-09 14:52:15,046:INFO:               fugue: Not installed
2023-08-09 14:52:15,047:INFO:           streamlit: 1.19.0
2023-08-09 14:52:15,047:INFO:             prophet: Not installed
2023-08-09 14:52:15,047:INFO:None
2023-08-09 14:52:15,047:INFO:Set up data.
2023-08-09 14:52:15,050:INFO:Set up train/test split.
